<?xml version="1.0" encoding="utf-8"?><testsuites><testsuite name="pytest" errors="0" failures="0" skipped="0" tests="5" time="53.438" timestamp="2023-01-31T11:34:44.410949" hostname="DESKTOP-DESMLJD"><testcase classname="Test_Home.TestHome" name="test_home[getdata0]" time="25.389" /><testcase classname="Test_Home.TestHome" name="test_home[getdata1]" time="1.499" /><testcase classname="test_e2e.TestHome" name="test_home[getdata0]" time="11.507" /><testcase classname="test_e2e.TestHome" name="test_home[getdata1]" time="1.116" /><testcase classname="test_e2e.Testone" name="test_e2e" time="12.974" /></testsuite></testsuites>